<?xml version="1.0" encoding="UTF-8"?>
<!-- Generated by org.testng.reporters.JUnitXMLReporter -->
<testsuite hostname="Vildans-Mac.local" ignored="0" name="Orange test" tests="3" failures="0" timestamp="2021-02-18T21:09:37 EST" time="27.298" errors="0">
  <testcase name="verifyTitle" time="0.021" classname="com.qa.orangehrm.tests.LoginPageTest"/>
  <testcase name="loginTest" time="1.628" classname="com.qa.orangehrm.tests.LoginPageTest"/>
  <testcase name="loginTest2" time="1.046" classname="com.qa.orangehrm.tests.LoginPageTest"/>
</testsuite> <!-- Orange test -->
