<?xml version="1.0" encoding="UTF-8"?>
<!-- Generated by org.testng.reporters.JUnitXMLReporter -->
<testsuite hostname="Vildans-Mac.local" ignored="0" name="Orange HRM Test 2 -- firefox" tests="5" failures="0" timestamp="2021-03-04T22:33:26 EST" time="104.264" errors="0">
  <testcase name="verifyTitle" time="19.61" classname="com.qa.orangehrm.tests.LoginPageTest"/>
  <testcase name="loginTest" time="6.512" classname="com.qa.orangehrm.tests.LoginPageTest"/>
  <testcase name="InvalidLoginTest" time="6.544" classname="com.qa.orangehrm.tests.LoginPageTest"/>
  <testcase name="InvalidLoginTest" time="5.643" classname="com.qa.orangehrm.tests.LoginPageTest"/>
  <testcase name="InvalidLoginTest" time="6.849" classname="com.qa.orangehrm.tests.LoginPageTest"/>
</testsuite> <!-- Orange HRM Test 2 - firefox -->
